root - INFO - new activity has been created, name: start, duration: 5
root - INFO - new activity has been created, name: a, duration: 2
root - INFO - new activity has been created, name: b, duration: 3
root - INFO - new activity has been created, name: c, duration: 3
root - INFO - new activity has been created, name: d, duration: 4
root - INFO - new activity has been created, name: e, duration: 3
root - INFO - new activity has been created, name: f, duration: 6
root - INFO - new activity has been created, name: end, duration: 2
root - INFO - repr method called for 'start' activity
root - INFO - repr method called for 'a' activity
root - INFO - repr method called for 'd' activity
root - INFO - repr method called for 'f' activity
root - INFO - repr method called for 'a' activity
root - INFO - repr method called for 'b' activity
root - INFO - repr method called for 'b' activity
root - INFO - repr method called for 'c' activity
root - INFO - repr method called for 'c' activity
root - INFO - repr method called for 'end' activity
root - INFO - repr method called for 'd' activity
root - INFO - repr method called for 'e' activity
root - INFO - repr method called for 'e' activity
root - INFO - repr method called for 'end' activity
root - INFO - repr method called for 'f' activity
root - INFO - repr method called for 'end' activity
root - INFO - repr method called for 'end' activity
root - INFO - new pert: '<__main__.Pert object at 0x7f4e5727cfb0>' has been created, graph: {start: [a, d, f], a: [b], b: [c], c: [end], d: [e], e: [end], f: [end], end: []}
root - INFO - 'reset_initial_graph' method has been called for '<__main__.Pert object at 0x7f4e5727cfb0>' pert
root - INFO - 'reset_info' method has been called for '<__main__.Pert object at 0x7f4e5727cfb0>' pert
root - INFO - 'generate_info' method has been called for '<__main__.Pert object at 0x7f4e5727cfb0>' pert
root - INFO - 'start_to_end_scan' method has been called for '<__main__.Pert object at 0x7f4e5727cfb0>' pert
root - INFO - 'start_to_end_scan' method has been called for '<__main__.Pert object at 0x7f4e5727cfb0>' pert
root - INFO - 'start_to_end_scan' method has been called for '<__main__.Pert object at 0x7f4e5727cfb0>' pert
root - INFO - 'start_to_end_scan' method has been called for '<__main__.Pert object at 0x7f4e5727cfb0>' pert
root - INFO - 'start_to_end_scan' method has been called for '<__main__.Pert object at 0x7f4e5727cfb0>' pert
root - INFO - 'start_to_end_scan' method has been called for '<__main__.Pert object at 0x7f4e5727cfb0>' pert
root - INFO - 'start_to_end_scan' method has been called for '<__main__.Pert object at 0x7f4e5727cfb0>' pert
root - INFO - 'start_to_end_scan' method has been called for '<__main__.Pert object at 0x7f4e5727cfb0>' pert
root - INFO - 'start_to_end_scan' method has been called for '<__main__.Pert object at 0x7f4e5727cfb0>' pert
root - INFO - 'start_to_end_scan' method has been called for '<__main__.Pert object at 0x7f4e5727cfb0>' pert
root - INFO - 'end_to_start_scan' method has been called for '<__main__.Pert object at 0x7f4e5727cfb0>' pert
root - INFO - 'end_to_start_scan' method has been called for '<__main__.Pert object at 0x7f4e5727cfb0>' pert
root - INFO - 'end_to_start_scan' method has been called for '<__main__.Pert object at 0x7f4e5727cfb0>' pert
root - INFO - 'end_to_start_scan' method has been called for '<__main__.Pert object at 0x7f4e5727cfb0>' pert
root - INFO - 'end_to_start_scan' method has been called for '<__main__.Pert object at 0x7f4e5727cfb0>' pert
root - INFO - 'end_to_start_scan' method has been called for '<__main__.Pert object at 0x7f4e5727cfb0>' pert
root - INFO - 'end_to_start_scan' method has been called for '<__main__.Pert object at 0x7f4e5727cfb0>' pert
root - INFO - 'end_to_start_scan' method has been called for '<__main__.Pert object at 0x7f4e5727cfb0>' pert
root - INFO - 'end_to_start_scan' method has been called for '<__main__.Pert object at 0x7f4e5727cfb0>' pert
root - INFO - 'end_to_start_scan' method has been called for '<__main__.Pert object at 0x7f4e5727cfb0>' pert
root - INFO - 'clatulate_slack' method has been called for '<__main__.Pert object at 0x7f4e5727cfb0>' pert
root - INFO - 'generate_info_for_isolated' method has been called for '<__main__.Pert object at 0x7f4e5727cfb0>' pert
root - INFO - 'find_isolated' method has been called for '<__main__.Pert object at 0x7f4e5727cfb0>' pert
root - INFO - new activity has been created, name: j, duration: 16
root - INFO - 'add_activity' method has been called for '<__main__.Pert object at 0x7f4e5727cfb0>' pert
root - INFO - 'reset_info' method has been called for '<__main__.Pert object at 0x7f4e5727cfb0>' pert
root - INFO - 'generate_info' method has been called for '<__main__.Pert object at 0x7f4e5727cfb0>' pert
root - INFO - 'start_to_end_scan' method has been called for '<__main__.Pert object at 0x7f4e5727cfb0>' pert
root - INFO - 'start_to_end_scan' method has been called for '<__main__.Pert object at 0x7f4e5727cfb0>' pert
root - INFO - 'start_to_end_scan' method has been called for '<__main__.Pert object at 0x7f4e5727cfb0>' pert
root - INFO - 'start_to_end_scan' method has been called for '<__main__.Pert object at 0x7f4e5727cfb0>' pert
root - INFO - 'start_to_end_scan' method has been called for '<__main__.Pert object at 0x7f4e5727cfb0>' pert
root - INFO - 'start_to_end_scan' method has been called for '<__main__.Pert object at 0x7f4e5727cfb0>' pert
root - INFO - 'start_to_end_scan' method has been called for '<__main__.Pert object at 0x7f4e5727cfb0>' pert
root - INFO - 'start_to_end_scan' method has been called for '<__main__.Pert object at 0x7f4e5727cfb0>' pert
root - INFO - 'start_to_end_scan' method has been called for '<__main__.Pert object at 0x7f4e5727cfb0>' pert
root - INFO - 'start_to_end_scan' method has been called for '<__main__.Pert object at 0x7f4e5727cfb0>' pert
root - INFO - 'start_to_end_scan' method has been called for '<__main__.Pert object at 0x7f4e5727cfb0>' pert
root - INFO - 'start_to_end_scan' method has been called for '<__main__.Pert object at 0x7f4e5727cfb0>' pert
root - INFO - 'end_to_start_scan' method has been called for '<__main__.Pert object at 0x7f4e5727cfb0>' pert
root - INFO - 'end_to_start_scan' method has been called for '<__main__.Pert object at 0x7f4e5727cfb0>' pert
root - INFO - 'end_to_start_scan' method has been called for '<__main__.Pert object at 0x7f4e5727cfb0>' pert
root - INFO - 'end_to_start_scan' method has been called for '<__main__.Pert object at 0x7f4e5727cfb0>' pert
root - INFO - 'end_to_start_scan' method has been called for '<__main__.Pert object at 0x7f4e5727cfb0>' pert
root - INFO - 'end_to_start_scan' method has been called for '<__main__.Pert object at 0x7f4e5727cfb0>' pert
root - INFO - 'end_to_start_scan' method has been called for '<__main__.Pert object at 0x7f4e5727cfb0>' pert
root - INFO - 'end_to_start_scan' method has been called for '<__main__.Pert object at 0x7f4e5727cfb0>' pert
root - INFO - 'end_to_start_scan' method has been called for '<__main__.Pert object at 0x7f4e5727cfb0>' pert
root - INFO - 'end_to_start_scan' method has been called for '<__main__.Pert object at 0x7f4e5727cfb0>' pert
root - INFO - 'end_to_start_scan' method has been called for '<__main__.Pert object at 0x7f4e5727cfb0>' pert
root - INFO - 'end_to_start_scan' method has been called for '<__main__.Pert object at 0x7f4e5727cfb0>' pert
root - INFO - 'clatulate_slack' method has been called for '<__main__.Pert object at 0x7f4e5727cfb0>' pert
root - INFO - 'generate_info_for_isolated' method has been called for '<__main__.Pert object at 0x7f4e5727cfb0>' pert
root - INFO - 'find_isolated' method has been called for '<__main__.Pert object at 0x7f4e5727cfb0>' pert
root - INFO - str method called for 'j' activity
root - INFO - 'get_critical_path' method has been called for '<__main__.Pert object at 0x7f4e5727cfb0>' pert
root - INFO - repr method called for 'start' activity
root - INFO - repr method called for 'j' activity
root - INFO - repr method called for 'end' activity
root - INFO - 'shorten_critical_path' method has been called for '<__main__.Pert object at 0x7f4e5727cfb0>' pert
root - INFO - 'get_critical_path' method has been called for '<__main__.Pert object at 0x7f4e5727cfb0>' pert
root - INFO - 'get_all_alternative_paths' method has been called for '<__main__.Pert object at 0x7f4e5727cfb0>' pert
root - INFO - 'get_all_alternative_paths' method has been called for '<__main__.Pert object at 0x7f4e5727cfb0>' pert
root - INFO - 'get_all_alternative_paths' method has been called for '<__main__.Pert object at 0x7f4e5727cfb0>' pert
root - INFO - 'get_all_alternative_paths' method has been called for '<__main__.Pert object at 0x7f4e5727cfb0>' pert
root - INFO - 'get_all_alternative_paths' method has been called for '<__main__.Pert object at 0x7f4e5727cfb0>' pert
root - INFO - 'get_all_alternative_paths' method has been called for '<__main__.Pert object at 0x7f4e5727cfb0>' pert
root - INFO - 'get_all_alternative_paths' method has been called for '<__main__.Pert object at 0x7f4e5727cfb0>' pert
root - INFO - 'get_all_alternative_paths' method has been called for '<__main__.Pert object at 0x7f4e5727cfb0>' pert
root - INFO - 'get_all_alternative_paths' method has been called for '<__main__.Pert object at 0x7f4e5727cfb0>' pert
root - INFO - 'get_all_alternative_paths' method has been called for '<__main__.Pert object at 0x7f4e5727cfb0>' pert
root - INFO - 'get_all_alternative_paths' method has been called for '<__main__.Pert object at 0x7f4e5727cfb0>' pert
root - INFO - 'get_all_alternative_paths' method has been called for '<__main__.Pert object at 0x7f4e5727cfb0>' pert
root - INFO - repr method called for 'start' activity
root - INFO - repr method called for 'j' activity
root - INFO - repr method called for 'end' activity
root - INFO - 'get_slack_for_each_activity' method has been called for '<__main__.Pert object at 0x7f4e5727cfb0>' pert
root - INFO - repr method called for 'f' activity
root - INFO - repr method called for 'd' activity
root - INFO - repr method called for 'e' activity
root - INFO - repr method called for 'a' activity
root - INFO - repr method called for 'b' activity
root - INFO - repr method called for 'c' activity
root - INFO - 'get_sum_of_slacks' method has been called for '<__main__.Pert object at 0x7f4e5727cfb0>' pert
root - INFO - 'get_slack_for_each_activity' method has been called for '<__main__.Pert object at 0x7f4e5727cfb0>' pert
root - INFO - new iterator for '<__main__.Pert object at 0x7f4e5727cfb0>' pert
root - INFO - str method called for 'start' activity
root - INFO - str method called for 'a' activity
root - INFO - str method called for 'b' activity
root - INFO - str method called for 'c' activity
root - INFO - str method called for 'd' activity
root - INFO - str method called for 'e' activity
root - INFO - str method called for 'f' activity
root - INFO - str method called for 'end' activity
root - INFO - str method called for 'j' activity
root - INFO - 'find_isolated' method has been called for '<__main__.Pert object at 0x7f4e5727cfb0>' pert
root - INFO - str method called for '<__main__.Pert object at 0x7f4e5727cfb0>' pert
root - INFO - new iterator for '<__main__.Pert object at 0x7f4e5727cfb0>' pert
root - INFO - str method called for 'start' activity
root - INFO - str method called for 'a' activity
root - INFO - str method called for 'b' activity
root - INFO - str method called for 'c' activity
root - INFO - str method called for 'd' activity
root - INFO - str method called for 'e' activity
root - INFO - str method called for 'f' activity
root - INFO - str method called for 'end' activity
root - INFO - str method called for 'j' activity
root - INFO - repr method called for 'start' activity
root - INFO - repr method called for 'a' activity
root - INFO - repr method called for 'd' activity
root - INFO - repr method called for 'f' activity
root - INFO - repr method called for 'j' activity
root - INFO - repr method called for 'a' activity
root - INFO - repr method called for 'b' activity
root - INFO - repr method called for 'b' activity
root - INFO - repr method called for 'c' activity
root - INFO - repr method called for 'c' activity
root - INFO - repr method called for 'end' activity
root - INFO - repr method called for 'd' activity
root - INFO - repr method called for 'e' activity
root - INFO - repr method called for 'e' activity
root - INFO - repr method called for 'end' activity
root - INFO - repr method called for 'f' activity
root - INFO - repr method called for 'end' activity
root - INFO - repr method called for 'end' activity
root - INFO - repr method called for 'j' activity
root - INFO - repr method called for 'end' activity
